e:\c project\plants vs. zombies modifier\plants vs. zombies modifier\release\vc142.pdb
e:\c project\plants vs. zombies modifier\plants vs. zombies modifier\release\process.obj
e:\c project\plants vs. zombies modifier\plants vs. zombies modifier\release\plants vs. zombies modifier.obj
e:\c project\plants vs. zombies modifier\plants vs. zombies modifier\release\modifiy.obj
e:\c project\plants vs. zombies modifier\plants vs. zombies modifier\release\message.obj
e:\c project\plants vs. zombies modifier\plants vs. zombies modifier\release\memory.obj
e:\c project\plants vs. zombies modifier\release\plants vs. zombies modifier.exe
e:\c project\plants vs. zombies modifier\release\plants vs. zombies modifier.pdb
e:\c project\plants vs. zombies modifier\release\plants vs. zombies modifier.ipdb
e:\c project\plants vs. zombies modifier\release\plants vs. zombies modifier.iobj
e:\c project\plants vs. zombies modifier\plants vs. zombies modifier\release\plants vs. zombies modifier.res
e:\c project\plants vs. zombies modifier\plants vs. zombies modifier\release\plants v.8e172070.tlog\cl.command.1.tlog
e:\c project\plants vs. zombies modifier\plants vs. zombies modifier\release\plants v.8e172070.tlog\cl.read.1.tlog
e:\c project\plants vs. zombies modifier\plants vs. zombies modifier\release\plants v.8e172070.tlog\cl.write.1.tlog
e:\c project\plants vs. zombies modifier\plants vs. zombies modifier\release\plants v.8e172070.tlog\link.command.1.tlog
e:\c project\plants vs. zombies modifier\plants vs. zombies modifier\release\plants v.8e172070.tlog\link.read.1.tlog
e:\c project\plants vs. zombies modifier\plants vs. zombies modifier\release\plants v.8e172070.tlog\link.write.1.tlog
e:\c project\plants vs. zombies modifier\plants vs. zombies modifier\release\plants v.8e172070.tlog\plants vs. zombies modifier.write.1u.tlog
e:\c project\plants vs. zombies modifier\plants vs. zombies modifier\release\plants v.8e172070.tlog\rc.command.1.tlog
e:\c project\plants vs. zombies modifier\plants vs. zombies modifier\release\plants v.8e172070.tlog\rc.read.1.tlog
e:\c project\plants vs. zombies modifier\plants vs. zombies modifier\release\plants v.8e172070.tlog\rc.write.1.tlog
