e:\c project\plants vs. zombies modifier\plants vs. zombies modifier\debug\vc142.pdb
e:\c project\plants vs. zombies modifier\plants vs. zombies modifier\debug\vc142.idb
e:\c project\plants vs. zombies modifier\plants vs. zombies modifier\debug\process.obj
e:\c project\plants vs. zombies modifier\plants vs. zombies modifier\debug\plants vs. zombies modifier.obj
e:\c project\plants vs. zombies modifier\plants vs. zombies modifier\debug\modifiy.obj
e:\c project\plants vs. zombies modifier\plants vs. zombies modifier\debug\message.obj
e:\c project\plants vs. zombies modifier\plants vs. zombies modifier\debug\memory.obj
e:\c project\plants vs. zombies modifier\debug\plants vs. zombies modifier.ilk
e:\c project\plants vs. zombies modifier\debug\plants vs. zombies modifier.exe
e:\c project\plants vs. zombies modifier\debug\plants vs. zombies modifier.pdb
e:\c project\plants vs. zombies modifier\plants vs. zombies modifier\debug\plants vs. zombies modifier.res
e:\c project\plants vs. zombies modifier\plants vs. zombies modifier\debug\plants v.8e172070.tlog\cl.command.1.tlog
e:\c project\plants vs. zombies modifier\plants vs. zombies modifier\debug\plants v.8e172070.tlog\cl.read.1.tlog
e:\c project\plants vs. zombies modifier\plants vs. zombies modifier\debug\plants v.8e172070.tlog\cl.write.1.tlog
e:\c project\plants vs. zombies modifier\plants vs. zombies modifier\debug\plants v.8e172070.tlog\link.command.1.tlog
e:\c project\plants vs. zombies modifier\plants vs. zombies modifier\debug\plants v.8e172070.tlog\link.read.1.tlog
e:\c project\plants vs. zombies modifier\plants vs. zombies modifier\debug\plants v.8e172070.tlog\link.write.1.tlog
e:\c project\plants vs. zombies modifier\plants vs. zombies modifier\debug\plants v.8e172070.tlog\rc.command.1.tlog
e:\c project\plants vs. zombies modifier\plants vs. zombies modifier\debug\plants v.8e172070.tlog\rc.read.1.tlog
e:\c project\plants vs. zombies modifier\plants vs. zombies modifier\debug\plants v.8e172070.tlog\rc.write.1.tlog
